<?xml version="1.0" encoding="UTF-8"?>
<!-- Generated by org.testng.reporters.JUnitReportReporter -->
<testsuite hostname="HIMANI" failures="0" tests="3" name="samplePackage.sampleProject.toVerifyTestNgMoreAnnotations" time="0.011" errors="0" timestamp="27 Apr 2018 14:25:47 GMT" skipped="0">
  <testcase classname="samplePackage.sampleProject.toVerifyTestNgMoreAnnotations" name="testCase2" time="0.003"/>
  <testcase classname="samplePackage.sampleProject.toVerifyTestNgMoreAnnotations" name="testCase3" time="0.002"/>
  <testcase classname="samplePackage.sampleProject.toVerifyTestNgMoreAnnotations" name="testCase1" time="0.006"/>
</testsuite> <!-- samplePackage.sampleProject.toVerifyTestNgMoreAnnotations -->
