<?xml version="1.0" encoding="UTF-8"?>
<!-- Generated by org.testng.reporters.JUnitReportReporter -->
<testsuite hostname="HIMANI" failures="0" tests="3" name="samplePackage.sampleProject.toVerifyTestNgAnnotations" time="0.017" errors="0" timestamp="07 Feb 2019 16:09:24 GMT" skipped="0">
  <testcase classname="samplePackage.sampleProject.toVerifyTestNgAnnotations" name="testCase3" time="0.006"/>
  <testcase classname="samplePackage.sampleProject.toVerifyTestNgAnnotations" name="testCase2" time="0.003"/>
  <testcase classname="samplePackage.sampleProject.toVerifyTestNgAnnotations" name="testCase1" time="0.008"/>
</testsuite> <!-- samplePackage.sampleProject.toVerifyTestNgAnnotations -->
