<?xml version="1.0" encoding="UTF-8"?>
<!-- Generated by org.testng.reporters.JUnitReportReporter -->
<testsuite hostname="HIMANI" failures="0" tests="3" name="samplePackage.sampleProject.toVerifyTestNgAnnotations" time="0.011" errors="0" timestamp="27 Apr 2018 14:23:50 GMT" skipped="0">
  <testcase classname="samplePackage.sampleProject.toVerifyTestNgAnnotations" name="testCase2" time="0.002"/>
  <testcase classname="samplePackage.sampleProject.toVerifyTestNgAnnotations" name="testCase1" time="0.007"/>
  <testcase classname="samplePackage.sampleProject.toVerifyTestNgAnnotations" name="testCase3" time="0.002"/>
</testsuite> <!-- samplePackage.sampleProject.toVerifyTestNgAnnotations -->
