<?xml version="1.0" encoding="UTF-8"?>
<!-- Generated by org.testng.reporters.JUnitReportReporter -->
<testsuite hostname="HIMANI" failures="0" tests="3" name="samplePackage.sampleProject2.toVerifyTestNgMoreAnnotations2" time="0.007" errors="0" timestamp="27 Apr 2018 14:23:50 GMT" skipped="0">
  <testcase classname="samplePackage.sampleProject2.toVerifyTestNgMoreAnnotations2" name="toVerifyTestNgAnnotations2TestCase1" time="0.002"/>
  <testcase classname="samplePackage.sampleProject2.toVerifyTestNgMoreAnnotations2" name="toVerifyTestNgAnnotations2TestCase3" time="0.003"/>
  <testcase classname="samplePackage.sampleProject2.toVerifyTestNgMoreAnnotations2" name="toVerifyTestNgAnnotations2TestCase2" time="0.002"/>
</testsuite> <!-- samplePackage.sampleProject2.toVerifyTestNgMoreAnnotations2 -->
