<?xml version="1.0" encoding="UTF-8"?>
<!-- Generated by org.testng.reporters.JUnitReportReporter -->
<testsuite hostname="HIMANI" failures="0" tests="3" name="samplePackage.sampleProject2.toVerifyTestNgAnnotations2" time="0.019" errors="0" timestamp="07 Feb 2019 16:09:24 GMT" skipped="0">
  <testcase classname="samplePackage.sampleProject2.toVerifyTestNgAnnotations2" name="toVerifyTestNgAnnotations2TestCase3" time="0.007"/>
  <testcase classname="samplePackage.sampleProject2.toVerifyTestNgAnnotations2" name="toVerifyTestNgAnnotations2TestCase1" time="0.006"/>
  <testcase classname="samplePackage.sampleProject2.toVerifyTestNgAnnotations2" name="toVerifyTestNgAnnotations2TestCase2" time="0.006"/>
</testsuite> <!-- samplePackage.sampleProject2.toVerifyTestNgAnnotations2 -->
