<?xml version="1.0" encoding="UTF-8"?>
<!-- Generated by org.testng.reporters.JUnitReportReporter -->
<testsuite hostname="HIMANI" failures="0" tests="5" name="com.test.automation.uiAutomation.homepage.TC003_VerifyLoginWithDifferentRecords" time="231.682" errors="0" timestamp="17 Apr 2018 05:13:53 GMT" skipped="2">
  <testcase classname="com.test.automation.uiAutomation.homepage.TC003_VerifyLoginWithDifferentRecords" name="TestLogin" time="0.004">
    <skipped/>
  </testcase> <!-- TestLogin -->
  <testcase classname="com.test.automation.uiAutomation.homepage.TC003_VerifyLoginWithDifferentRecords" name="TestLogin" time="0.002">
    <skipped/>
  </testcase> <!-- TestLogin -->
  <testcase classname="com.test.automation.uiAutomation.homepage.TC003_VerifyLoginWithDifferentRecords" name="TestLogin" time="69.447"/>
  <testcase classname="com.test.automation.uiAutomation.homepage.TC003_VerifyLoginWithDifferentRecords" name="TestLogin" time="87.154"/>
  <testcase classname="com.test.automation.uiAutomation.homepage.TC003_VerifyLoginWithDifferentRecords" name="TestLogin" time="75.075"/>
</testsuite> <!-- com.test.automation.uiAutomation.homepage.TC003_VerifyLoginWithDifferentRecords -->
