<?xml version="1.0" encoding="UTF-8"?>
<!-- Generated by org.testng.reporters.JUnitReportReporter -->
<testsuite hostname="HIMANI" failures="0" tests="5" name="com.test.automation.uiAutomation.homepage.TC003_VerifyLoginWithDifferentRecords" time="208.164" errors="0" timestamp="18 Apr 2018 06:50:34 GMT" skipped="2">
  <testcase classname="com.test.automation.uiAutomation.homepage.TC003_VerifyLoginWithDifferentRecords" name="TestLogin" time="67.994"/>
  <testcase classname="com.test.automation.uiAutomation.homepage.TC003_VerifyLoginWithDifferentRecords" name="TestLogin" time="0.002">
    <skipped/>
  </testcase> <!-- TestLogin -->
  <testcase classname="com.test.automation.uiAutomation.homepage.TC003_VerifyLoginWithDifferentRecords" name="TestLogin" time="0.006">
    <skipped/>
  </testcase> <!-- TestLogin -->
  <testcase classname="com.test.automation.uiAutomation.homepage.TC003_VerifyLoginWithDifferentRecords" name="TestLogin" time="71.627"/>
  <testcase classname="com.test.automation.uiAutomation.homepage.TC003_VerifyLoginWithDifferentRecords" name="TestLogin" time="68.535"/>
</testsuite> <!-- com.test.automation.uiAutomation.homepage.TC003_VerifyLoginWithDifferentRecords -->
