<?xml version="1.0" encoding="UTF-8"?>
<!-- Generated by org.testng.reporters.JUnitReportReporter -->
<testsuite hostname="HIMANI" failures="0" tests="2" name="com.test.automation.uiAutomation.homepage.TC001_VerifyLoginWithInvalidCredentials" time="0.007" errors="0" timestamp="06 Feb 2019 15:23:04 GMT" skipped="1">
  <testcase classname="com.test.automation.uiAutomation.homepage.TC001_VerifyLoginWithInvalidCredentials" name="verifyLoginSecondTestCase" time="0.007"/>
  <testcase classname="com.test.automation.uiAutomation.homepage.TC001_VerifyLoginWithInvalidCredentials" name="VerifyLoginWithInvalidCredentials">
    <skipped/>
  </testcase> <!-- VerifyLoginWithInvalidCredentials -->
</testsuite> <!-- com.test.automation.uiAutomation.homepage.TC001_VerifyLoginWithInvalidCredentials -->
