<?xml version="1.0" encoding="UTF-8"?>
<!-- Generated by org.testng.reporters.JUnitReportReporter -->
<testsuite hostname="HIMANI" failures="0" tests="1" name="com.test.automation.uiAutomation.homepage.TC001_VerifyLoginWithInvalidCredentials" time="5.970" errors="0" timestamp="06 Apr 2018 07:23:21 GMT" skipped="0">
  <testcase classname="com.test.automation.uiAutomation.homepage.TC001_VerifyLoginWithInvalidCredentials" name="VerifyLoginWithInvalidCredentials" time="5.970"/>
</testsuite> <!-- com.test.automation.uiAutomation.homepage.TC001_VerifyLoginWithInvalidCredentials -->
