<?xml version="1.0" encoding="UTF-8"?>
<!-- Generated by org.testng.reporters.JUnitReportReporter -->
<testsuite hostname="HIMANI" failures="0" tests="1" name="com.test.automation.uiAutomation.homepage.TC001_VerifyLoginWithInvalidCredentials" time="4.556" errors="0" timestamp="02 May 2018 11:14:16 GMT" skipped="0">
  <testcase classname="com.test.automation.uiAutomation.homepage.TC001_VerifyLoginWithInvalidCredentials" name="VerifyLoginWithInvalidCredentials" time="4.556"/>
</testsuite> <!-- com.test.automation.uiAutomation.homepage.TC001_VerifyLoginWithInvalidCredentials -->
