<?xml version="1.0" encoding="UTF-8"?>
<!-- Generated by org.testng.reporters.JUnitReportReporter -->
<testsuite hostname="HIMANI" failures="0" tests="1" name="com.test.automation.uiAutomation.homepage.TC002_VerifyRegistration" time="102.401" errors="0" timestamp="06 Feb 2019 14:30:57 GMT" skipped="0">
  <testcase classname="com.test.automation.uiAutomation.homepage.TC002_VerifyRegistration" name="VerifyRegistration" time="102.401"/>
</testsuite> <!-- com.test.automation.uiAutomation.homepage.TC002_VerifyRegistration -->
