<?xml version="1.0" encoding="UTF-8"?>
<!-- Generated by org.testng.reporters.JUnitReportReporter -->
<testsuite hostname="HIMANI" failures="0" tests="1" name="com.test.automation.uiAutomation.homepage.TC002_VerifyRegistration" time="103.987" errors="0" timestamp="07 Apr 2018 16:10:10 GMT" skipped="0">
  <testcase classname="com.test.automation.uiAutomation.homepage.TC002_VerifyRegistration" name="VerifyRegistration" time="103.987"/>
</testsuite> <!-- com.test.automation.uiAutomation.homepage.TC002_VerifyRegistration -->
