<?xml version="1.0" encoding="UTF-8"?>
<!-- Generated by org.testng.reporters.JUnitReportReporter -->
<testsuite hostname="HIMANI" failures="0" tests="1" name="com.test.automation.uiAutomation.addToCart.TC002_VerifyTweetLink" time="15.199" errors="0" timestamp="25 Apr 2018 04:33:12 GMT" skipped="0">
  <testcase classname="com.test.automation.uiAutomation.addToCart.TC002_VerifyTweetLink" name="VerifyTweetLink" time="15.199"/>
</testsuite> <!-- com.test.automation.uiAutomation.addToCart.TC002_VerifyTweetLink -->
