<?xml version="1.0" encoding="UTF-8"?>
<!-- Generated by org.testng.reporters.JUnitReportReporter -->
<testsuite hostname="HIMANI" failures="0" tests="1" name="com.test.automation.uiAutomation.homepage.TC004_VerifyNavigationToApparelPage" time="4.587" errors="0" timestamp="25 Apr 2018 04:33:12 GMT" skipped="0">
  <testcase classname="com.test.automation.uiAutomation.homepage.TC004_VerifyNavigationToApparelPage" name="VerifyNavigationToApparelPage" time="4.587"/>
</testsuite> <!-- com.test.automation.uiAutomation.homepage.TC004_VerifyNavigationToApparelPage -->
