<?xml version="1.0" encoding="UTF-8"?>
<!-- Generated by org.testng.reporters.JUnitReportReporter -->
<testsuite hostname="HIMANI" failures="0" tests="1" name="com.test.automation.uiAutomation.addToCart.TC002_VerifyTweetLink" time="9.348" errors="0" timestamp="02 May 2018 11:14:16 GMT" skipped="0">
  <testcase classname="com.test.automation.uiAutomation.addToCart.TC002_VerifyTweetLink" name="VerifyTweetLink" time="9.348"/>
</testsuite> <!-- com.test.automation.uiAutomation.addToCart.TC002_VerifyTweetLink -->
